This is pdfeTeX, Version 3.141592-1.21a-2.2 (Web2C 7.5.4) (format=pdflatex 2006.11.27)  30 OCT 2007 10:52
entering extended mode
**f.tex f.pdf
(./f.tex
LaTeX2e <2003/12/01>
Babel <v3.8d> and hyphenation patterns for american, french, german, ngerman, b
ahasa, basque, bulgarian, catalan, croatian, czech, danish, dutch, esperanto, e
stonian, finnish, greek, icelandic, irish, italian, latin, magyar, norsk, polis
h, portuges, romanian, russian, serbian, slovak, slovene, spanish, swedish, tur
kish, ukrainian, nohyphenation, loaded.
(/usr/share/texmf/tex/latex/base/article.cls
Document Class: article 2004/02/16 v1.4f Standard LaTeX document class
(/usr/share/texmf/tex/latex/base/size10.clo
File: size10.clo 2004/02/16 v1.4f Standard LaTeX file (size option)
)
\c@part=\count79
\c@section=\count80
\c@subsection=\count81
\c@subsubsection=\count82
\c@paragraph=\count83
\c@subparagraph=\count84
\c@figure=\count85
\c@table=\count86
\abovecaptionskip=\skip41
\belowcaptionskip=\skip42
\bibindent=\dimen102
)
(/usr/share/texmf/tex/latex/graphics/color.sty
Package: color 1999/02/16 v1.0i Standard LaTeX Color (DPC)

(/usr/share/texmf/tex/latex/graphics/color.cfg
File: color.cfg 2005/02/03 v1.3 color configuration of teTeX/TeXLive
)
Package color Info: Driver file: pdftex.def on input line 125.

(/usr/share/texmf/tex/latex/graphics/pdftex.def
File: pdftex.def 2002/06/19 v0.03k graphics/color for pdftex
\Gread@gobject=\count87
))
(/usr/share/texmf/tex/latex/base/alltt.sty
Package: alltt 1997/06/16 v2.0g defines alltt environment
)
(/usr/share/texmf/tex/latex/base/inputenc.sty
Package: inputenc 2004/02/05 v1.0d Input encoding file

(/usr/share/texmf/tex/latex/base/latin1.def
File: latin1.def 2004/02/05 v1.0d Input encoding file
)) (./f.aux)
\openout1 = `f.aux'.

LaTeX Font Info:    Checking defaults for OML/cmm/m/it on input line 23.
LaTeX Font Info:    ... okay on input line 23.
LaTeX Font Info:    Checking defaults for T1/cmr/m/n on input line 23.
LaTeX Font Info:    ... okay on input line 23.
LaTeX Font Info:    Checking defaults for OT1/cmr/m/n on input line 23.
LaTeX Font Info:    ... okay on input line 23.
LaTeX Font Info:    Checking defaults for OMS/cmsy/m/n on input line 23.
LaTeX Font Info:    ... okay on input line 23.
LaTeX Font Info:    Checking defaults for OMX/cmex/m/n on input line 23.
LaTeX Font Info:    ... okay on input line 23.
LaTeX Font Info:    Checking defaults for U/cmr/m/n on input line 23.
LaTeX Font Info:    ... okay on input line 23.
LaTeX Font Info:    External font `cmex10' loaded for size
(Font)              <7> on input line 146.
LaTeX Font Info:    External font `cmex10' loaded for size
(Font)              <5> on input line 146.

Overfull \hbox (56.30647pt too wide) in paragraph at lines 25--322
[][][]        [][]\OT1/cmtt/m/n/10 tmp[][]=[][][][]Biot[]Savart[]LineSegments[]
[][][]([][]seglist[][],[[][][][]Point[][][][](([][]x[][],[][]y[][],[][]z[][]),[
][][][]type[][][][]=[][][][]"CARTESIAN"[][][][])
 []


Overfull \hbox (53.99652pt too wide) in paragraph at lines 25--322
[][][]    [][][][]\OT1/cmtt/m/n/10 """Given some line segments in the form [[cl
,[xs,ys,zs],[xe,ye,ze]],...][]|  
 []


Overfull \hbox (17.24684pt too wide) in paragraph at lines 25--322
[][][]    [][]\OT1/cmtt/m/n/10 and some field points in the form [point,...]. T
his function will
 []


Overfull \hbox (17.24684pt too wide) in paragraph at lines 25--322
[][][]    [][]\OT1/cmtt/m/n/10 a list of the form [[Bx,By,Bz],...] correspondin
g to the magnetic
 []


Overfull \hbox (38.24666pt too wide) in paragraph at lines 25--322
[][][]    [][]\OT1/cmtt/m/n/10 !!!! The actual magnetic field will be the resul
t returned multiplied
 []


Overfull \hbox (6.74693pt too wide) in paragraph at lines 25--322
[][][]    [][]\OT1/cmtt/m/n/10 the current !!!! The result will be computed for
 unity current.[]|  
 []


Overfull \hbox (17.24684pt too wide) in paragraph at lines 25--322
[][][]    [][][][]\OT1/cmtt/m/n/10 """You should really be using numarray or nu
mpy for this stuff"""[][]|  
 []


Overfull \hbox (25.33043pt too wide) in paragraph at lines 25--322
[][][]    [][][][]\OT1/cmr/bx/n/10 re-turn [][][][]\OT1/cmtt/m/n/10 cross[][][]
[]([][]dl[][],[][]r[][])*([][]mu[]0[][]/([][][][]4[][][][]*[][]pi[][]*[][]r3[][
]))[][][][]\OT1/cmr/m/it/10 #listmult([]cross(dl,r),mu[]0/(4*pi*r3))[]|  
 []


Overfull \hbox (17.24684pt too wide) in paragraph at lines 25--322
[][][]    [][][][]\OT1/cmtt/m/n/10 """the ringlist is [[wraps,zpos,rpos],[wraps
,zpos,rpos],etc]. The
 []


Overfull \hbox (17.24684pt too wide) in paragraph at lines 25--322
[][][]    [][]\OT1/cmtt/m/n/10 [point,point,...] of the desired fieldpoints in 
type 'point'. The
 []


Overfull \hbox (22.4968pt too wide) in paragraph at lines 25--322
[][][]    [][]\OT1/cmtt/m/n/10 The result is in Teslas/amp and the inputs shoul
d all be in meters
 []


Overfull \hbox (1.49698pt too wide) in paragraph at lines 25--322
[][][]    [][][][]\OT1/cmtt/m/n/10 """Uses Jackson's approximation described in
 SimpleRing.lyx"""[][]|  
 []


Overfull \hbox (89.2762pt too wide) in paragraph at lines 25--322
[][]    [][]\OT1/cmtt/m/n/10 Br[][]=([][]mu[]0[][]*[][]R2[][]*[][]costheta[][]/
([][][][]2[][][][]*[][][][]pow[][][][]([][]R2pr2[][],[][][][]1.5[][][][])))*([]
[][][]1[][][][]+[][][][]15[][][][]*[][]R2[][]*[][]r2[][]*[][]sin2theta[][]/([][
][][]4[][][][]*[][]R2pr2[][]*[][]R2pr2[][]))[]|  
 []


Overfull \hbox (241.52487pt too wide) in paragraph at lines 25--322
[][][]    [][]\OT1/cmtt/m/n/10 Btheta[][]=-(([][]mu[]0[][]*[][]R2[][]*[][]sinth
eta[][])/([][][][]4[][][][]*[][][][]pow[][][][]([][]R2pr2[][],[][][][]2.5[][][]
[])))*([][][][]2[][][][]*[][]R2[][]-[][]r2[][]+(([][][][]15[][][][]*[][]R2[][]*
[][]r2[][]*[][]sin2theta[][])/([][][][]8[][][][]*[][]R2pr2[][]*[][]R2pr2[][]))*
([][][][]4[][][][]*[][]R2[][]-[][][][]3[][][][]*[][]r2[][]))[]|  
 []


Overfull \hbox (113.42592pt too wide) in paragraph at lines 25--322
[][][]    [][]\OT1/cmtt/m/n/10 Bx[][],[][]By[][],[][]Bz[][]=[][][][]xyz[]from[]
rtp[]vect[][][][]([[][]fact[][]*[][]Br[][],[][]fact[][]*[][]Btheta[][],[][]fact
[][]*[][]Bphi[][]],[][][][]xyz[]to[]rtp[]point[][][][]([[][]x[][],[][]y[][],[][
]z[][]]))[]|  
 []


Overfull \hbox (74.99634pt too wide) in paragraph at lines 25--322
[][][]        [][]\OT1/cmtt/m/n/10 seglist[][].[][][][]append[][][][]([][][][]H
elixSeg[][][][]([][][][]2[][][][],[][]phistart[][],-[][]Rring[][],[][]phiend[][
],-[][]Rring[][],[][]Rring[][]).[][][][]xyzSeg[][][][]())[]|  
 []


Overfull \hbox (64.49643pt too wide) in paragraph at lines 25--322
[][][]        [][]\OT1/cmtt/m/n/10 seglist[][].[][][][]append[][][][]([][][][]H
elixSeg[][][][]([][][][]3[][][][],[][]phiend[][],[][]Rring[][],[][]phistart[][]
,[][]Rring[][],[][]Rring[][]).[][][][]xyzSeg[][][][]())[]|  
 []


Overfull \hbox (120.14587pt too wide) in paragraph at lines 25--322
[][][]    [][]\OT1/cmtt/m/n/10 result[][]=[[][][][][]Biot[]Savart[]LineSegments
[]at[]Point[][][][]([][]seglist[][],[][][][]Point[][][][](([][]x[][],[][]y[][],
[][]z[][]),[][][][]type[][][][]=[][][][]"CARTESIAN"[][][][]))[[][][][]1[][][][]
]
 []

[1

{/var/lib/texmf/fonts/map/pdftex/updmap/pdftex.map}] [2] [3] [4] [5] [6]
[7] (./f.aux) ) 
Here is how much of TeX's memory you used:
 465 strings out of 94499
 5312 string characters out of 1172809
 129596 words of memory out of 3500000
 3695 multiletter control sequences out of 10000+50000
 4462 words of font info for 17 fonts, out of 500000 for 2000
 580 hyphenation exceptions out of 1000
 23i,5n,17p,709b,116s stack positions out of 1500i,500n,5000p,200000b,5000s
PDF statistics:
 38 PDF objects out of 300000
 0 named destinations out of 131072
 1 words of extra memory for PDF output out of 65536
</usr/share/texmf/fonts/type1/bluesky/cm/cmmi10.pfb></usr/share/
texmf/fonts/type1/bluesky/cm/cmr10.pfb></usr/share/texmf/fonts/type1/bluesky/cm
/cmtt10.pfb></usr/share/texmf/fonts/type1/bluesky/cm/cmbx10.pfb></usr/share/tex
mf/fonts/type1/bluesky/cm/cmti10.pfb>
Output written on f.pdf (7 pages, 76577 bytes).
